mode: set
github.com/drone-plugins/drone-pypi/main.go:13.13,41.41 7 0
github.com/drone-plugins/drone-pypi/main.go:41.41,43.3 1 0
github.com/drone-plugins/drone-pypi/main.go:45.32,53.2 2 0
github.com/drone-plugins/drone-pypi/plugin.go:20.31,22.16 2 0
github.com/drone-plugins/drone-pypi/plugin.go:25.2,25.22 1 0
github.com/drone-plugins/drone-pypi/plugin.go:22.16,24.3 1 0
github.com/drone-plugins/drone-pypi/plugin.go:29.41,31.16 2 0
github.com/drone-plugins/drone-pypi/plugin.go:34.2,35.16 2 0
github.com/drone-plugins/drone-pypi/plugin.go:38.2,38.12 1 0
github.com/drone-plugins/drone-pypi/plugin.go:31.16,33.3 1 0
github.com/drone-plugins/drone-pypi/plugin.go:35.16,37.3 1 0
github.com/drone-plugins/drone-pypi/plugin.go:43.39,45.16 2 0
github.com/drone-plugins/drone-pypi/plugin.go:48.2,51.16 4 0
github.com/drone-plugins/drone-pypi/plugin.go:54.2,55.12 2 0
github.com/drone-plugins/drone-pypi/plugin.go:45.16,47.3 1 0
github.com/drone-plugins/drone-pypi/plugin.go:51.16,53.3 1 0
github.com/drone-plugins/drone-pypi/plugin.go:59.45,67.16 8 0
github.com/drone-plugins/drone-pypi/plugin.go:70.2,70.12 1 0
github.com/drone-plugins/drone-pypi/plugin.go:67.16,69.3 1 0
github.com/drone-plugins/drone-pypi/plugin.go:74.49,76.24 2 0
github.com/drone-plugins/drone-pypi/plugin.go:79.2,80.22 2 0
github.com/drone-plugins/drone-pypi/plugin.go:83.2,84.22 2 0
github.com/drone-plugins/drone-pypi/plugin.go:87.2,96.12 2 0
github.com/drone-plugins/drone-pypi/plugin.go:76.24,78.3 1 0
github.com/drone-plugins/drone-pypi/plugin.go:80.22,82.3 1 0
github.com/drone-plugins/drone-pypi/plugin.go:84.22,86.3 1 0
github.com/drone-plugins/drone-pypi/plugin.go:100.37,102.30 2 1
github.com/drone-plugins/drone-pypi/plugin.go:105.2,106.31 2 1
github.com/drone-plugins/drone-pypi/plugin.go:109.2,112.40 4 1
github.com/drone-plugins/drone-pypi/plugin.go:102.30,104.3 1 1
github.com/drone-plugins/drone-pypi/plugin.go:106.31,108.3 1 1
