mode: set
github.com/drone-plugins/drone-pypi/main.go:25.13,33.16 7 0
github.com/drone-plugins/drone-pypi/main.go:33.16,35.3 1 0
github.com/drone-plugins/drone-pypi/main.go:39.51,41.16 2 0
github.com/drone-plugins/drone-pypi/main.go:44.2,45.16 2 0
github.com/drone-plugins/drone-pypi/main.go:48.2,48.12 1 0
github.com/drone-plugins/drone-pypi/main.go:41.16,43.3 1 0
github.com/drone-plugins/drone-pypi/main.go:45.16,47.3 1 0
github.com/drone-plugins/drone-pypi/main.go:53.39,55.16 2 0
github.com/drone-plugins/drone-pypi/main.go:58.2,61.16 4 0
github.com/drone-plugins/drone-pypi/main.go:64.2,65.12 2 0
github.com/drone-plugins/drone-pypi/main.go:55.16,57.3 1 0
github.com/drone-plugins/drone-pypi/main.go:61.16,63.3 1 0
github.com/drone-plugins/drone-pypi/main.go:69.55,76.16 7 0
github.com/drone-plugins/drone-pypi/main.go:79.2,79.12 1 0
github.com/drone-plugins/drone-pypi/main.go:76.16,78.3 1 0
github.com/drone-plugins/drone-pypi/main.go:83.49,85.25 2 1
github.com/drone-plugins/drone-pypi/main.go:88.2,89.23 2 1
github.com/drone-plugins/drone-pypi/main.go:92.2,93.23 2 1
github.com/drone-plugins/drone-pypi/main.go:96.2,105.12 2 1
github.com/drone-plugins/drone-pypi/main.go:85.25,87.3 1 1
github.com/drone-plugins/drone-pypi/main.go:89.23,91.3 1 1
github.com/drone-plugins/drone-pypi/main.go:93.23,95.3 1 1
github.com/drone-plugins/drone-pypi/main.go:109.37,111.30 2 1
github.com/drone-plugins/drone-pypi/main.go:114.2,115.31 2 1
github.com/drone-plugins/drone-pypi/main.go:118.2,121.40 4 1
github.com/drone-plugins/drone-pypi/main.go:111.30,113.3 1 1
github.com/drone-plugins/drone-pypi/main.go:115.31,117.3 1 1
